2025.04.21 15:36:58 INFO  Started: Metals version 1.5.2 in folders 'C:\Users\Admin\Documents\deutsche aufgaben\uni mainz\3. Sem\EiS\Blatt1\Blatt01-Beispielcode\Blatt01-Beispielcode' for client Visual Studio Code 1.99.3.
2025.04.21 15:36:58 INFO  no build target found for C:\Users\Admin\Documents\deutsche aufgaben\uni mainz\3. Sem\EiS\Blatt1\Blatt01-Beispielcode\Blatt01-Beispielcode\primtest.scala. Using presentation compiler with project's scala-library version: 3.3.5
Apr. 21, 2025 3:37:00 PM org.eclipse.lsp4j.jsonrpc.RemoteEndpoint handleCancellation
WARNING: Unmatched cancel notification for request id 1
2025.04.21 15:37:00 INFO  Attempting to connect to the build server...
2025.04.21 15:37:00 INFO  Running BSP server List(C:\Users\Admin\AppData\Local\Coursier\cache\arc\https\github.com\scala\scala3\releases\download\3.5.2\scala3-3.5.2-x86_64-pc-win32.zip\scala3-3.5.2-x86_64-pc-win32\bin\scala-cli.exe, --cli-default-scala-version, 3.5.2, --repository, file:///C:/Users/Admin/AppData/Local/Coursier/cache/arc/https/github.com/scala/scala3/releases/download/3.5.2/scala3-3.5.2-x86_64-pc-win32.zip/scala3-3.5.2-x86_64-pc-win32/maven2, --prog-name, scala, bsp, --json-options, c:\Users\Admin\Documents\deutsche aufgaben\uni mainz\3. Sem\EiS\Blatt1\Blatt01-Beispielcode\Blatt01-Beispielcode\.scala-build\ide-options-v2.json, --json-launcher-options, c:\Users\Admin\Documents\deutsche aufgaben\uni mainz\3. Sem\EiS\Blatt1\Blatt01-Beispielcode\Blatt01-Beispielcode\.scala-build\ide-launcher-options.json, --envs-file, c:\Users\Admin\Documents\deutsche aufgaben\uni mainz\3. Sem\EiS\Blatt1\Blatt01-Beispielcode\Blatt01-Beispielcode\.scala-build\ide-envs.json, c:\Users\Admin\Documents\deutsche aufgaben\uni mainz\3. Sem\EiS\Blatt1\Blatt01-Beispielcode\Blatt01-Beispielcode\primtest.scala)
2025.04.21 15:37:01 INFO  tracing is disabled for protocol BSP, to enable tracing of incoming and outgoing JSON messages create an empty file at C:\Users\Admin\Documents\deutsche aufgaben\uni mainz\3. Sem\EiS\Blatt1\Blatt01-Beispielcode\Blatt01-Beispielcode\.metals\bsp.trace.json or C:\Users\Admin\AppData\Local\scalameta\metals\cache\bsp.trace.json
2025.04.21 15:37:02 INFO  BSP server: Starting compilation server
2025.04.21 15:37:09 INFO  time: Connected to build server in 8.63s
2025.04.21 15:37:09 INFO  Connected to Build server: scala v1.4.3
2025.04.21 15:37:10 INFO  compiling blatt01-beispielcode_bfd13e0a92-6930a581fe (1 scala source)
2025.04.21 15:37:13 INFO  time: Imported build in 3.6s
2025.04.21 15:37:13 INFO  compiling blatt01-beispielcode_bfd13e0a92-6930a581fe (1 scala source)
2025.04.21 15:37:13 INFO  time: compiled Blatt01-Beispielcode_bfd13e0a92-6930a581fe in 0.43s
Apr. 21, 2025 3:37:13 PM org.eclipse.lsp4j.jsonrpc.services.GenericEndpoint notify
INFO: Unsupported notification method: $/setTrace
Apr. 21, 2025 3:37:14 PM org.eclipse.lsp4j.jsonrpc.services.GenericEndpoint notify
INFO: Unsupported notification method: $/setTrace
2025.04.21 15:37:15 INFO  time: indexed workspace in 2.35s
2025.04.21 15:37:15 INFO  compiling blatt01-beispielcode_bfd13e0a92-6930a581fe (1 scala source)
2025.04.21 15:37:15 INFO  time: compiled Blatt01-Beispielcode_bfd13e0a92-6930a581fe in 0.33s
2025.04.21 15:37:21 INFO  no build target found for C:\Users\Admin\Documents\deutsche aufgaben\uni mainz\3. Sem\EiS\Blatt1\Blatt01-Beispielcode\Blatt01-Beispielcode\CountDown.scala. Using presentation compiler with project's scala-library version: 3.5.2
2025.04.21 15:37:21 INFO  no build target found for C:\Users\Admin\Documents\deutsche aufgaben\uni mainz\3. Sem\EiS\Blatt1\Blatt01-Beispielcode\Blatt01-Beispielcode\CountDown.scala. Using presentation compiler with project's scala-library version: 3.5.2
2025.04.21 15:37:21 INFO  no build target found for C:\Users\Admin\Documents\deutsche aufgaben\uni mainz\3. Sem\EiS\Blatt1\Blatt01-Beispielcode\Blatt01-Beispielcode\CountDown.scala. Using presentation compiler with project's scala-library version: 3.5.2
2025.04.21 15:37:21 INFO  no build target found for C:\Users\Admin\Documents\deutsche aufgaben\uni mainz\3. Sem\EiS\Blatt1\Blatt01-Beispielcode\Blatt01-Beispielcode\CountDown.scala. Using presentation compiler with project's scala-library version: 3.5.2
2025.04.21 15:37:21 INFO  no build target found for C:\Users\Admin\Documents\deutsche aufgaben\uni mainz\3. Sem\EiS\Blatt1\Blatt01-Beispielcode\Blatt01-Beispielcode\CountDown.scala. Using presentation compiler with project's scala-library version: 3.5.2
2025.04.21 15:37:21 INFO  no build target found for C:\Users\Admin\Documents\deutsche aufgaben\uni mainz\3. Sem\EiS\Blatt1\Blatt01-Beispielcode\Blatt01-Beispielcode\CountDown.java. Using presentation compiler with project's scala-library version: 3.5.2
2025.04.21 15:37:22 INFO  no build target found for C:\Users\Admin\Documents\deutsche aufgaben\uni mainz\3. Sem\EiS\Blatt1\Blatt01-Beispielcode\Blatt01-Beispielcode\CountDown.java. Using presentation compiler with project's scala-library version: 3.5.2
Apr. 21, 2025 3:37:22 PM scala.meta.internal.pc.CompilerAccess handleError
SEVERE: A severe compiler error occurred, full details of the error can be found in the error report C:\Users\Admin\Documents\deutsche aufgaben\uni mainz\3. Sem\EiS\Blatt1\Blatt01-Beispielcode\Blatt01-Beispielcode\.metals\.reports\metals-full\2025-04-21\r_compiler-error_15-37-22-331.md
2025.04.21 15:37:22 INFO  no build target found for C:\Users\Admin\Documents\deutsche aufgaben\uni mainz\3. Sem\EiS\Blatt1\Blatt01-Beispielcode\Blatt01-Beispielcode\CountDown.java. Using presentation compiler with project's scala-library version: 3.5.2
2025.04.21 15:37:22 WARN  Running javac-semanticdb failed for file:///C:/Users/Admin/Documents/deutsche%20aufgaben/uni%20mainz/3.%20Sem/EiS/Blatt1/Blatt01-Beispielcode/Blatt01-Beispielcode/CountDown.java. Output:

2025.04.21 15:37:23 WARN  Running javac-semanticdb failed for file:///C:/Users/Admin/Documents/deutsche%20aufgaben/uni%20mainz/3.%20Sem/EiS/Blatt1/Blatt01-Beispielcode/Blatt01-Beispielcode/CountDown.java. Output:

2025.04.21 15:37:42 WARN  no build target for: C:\Users\Admin\Documents\deutsche aufgaben\uni mainz\3. Sem\EiS\Blatt1\Blatt01-Beispielcode\Blatt01-Beispielcode\CountDown.scala
Apr. 21, 2025 3:42:26 PM org.eclipse.lsp4j.jsonrpc.services.GenericEndpoint notify
INFO: Unsupported notification method: $/setTrace
Apr. 21, 2025 3:42:26 PM org.eclipse.lsp4j.jsonrpc.services.GenericEndpoint notify
INFO: Unsupported notification method: $/setTrace
Apr. 21, 2025 3:42:26 PM org.eclipse.lsp4j.jsonrpc.services.GenericEndpoint notify
INFO: Unsupported notification method: $/setTrace
2025.04.21 15:48:37 INFO  Shutting down server
2025.04.21 15:48:37 INFO  shutting down Metals
2025.04.21 15:48:37 INFO  Shut down connection with build server.
2025.04.21 15:48:37 INFO  Exiting server
2025.04.21 15:59:17 INFO  Started: Metals version 1.5.2 in folders 'C:\Users\Admin\Documents\deutsche aufgaben\uni mainz\3. Sem\EiS\Blatt1\Blatt01-Beispielcode\Blatt01-Beispielcode' for client Visual Studio Code 1.99.3.
2025.04.21 15:59:19 INFO  Attempting to connect to the build server...
2025.04.21 15:59:19 INFO  Running BSP server List(C:\Users\Admin\AppData\Local\Coursier\cache\arc\https\github.com\scala\scala3\releases\download\3.5.2\scala3-3.5.2-x86_64-pc-win32.zip\scala3-3.5.2-x86_64-pc-win32\bin\scala-cli.exe, --cli-default-scala-version, 3.5.2, --repository, file:///C:/Users/Admin/AppData/Local/Coursier/cache/arc/https/github.com/scala/scala3/releases/download/3.5.2/scala3-3.5.2-x86_64-pc-win32.zip/scala3-3.5.2-x86_64-pc-win32/maven2, --prog-name, scala, bsp, --json-options, c:\Users\Admin\Documents\deutsche aufgaben\uni mainz\3. Sem\EiS\Blatt1\Blatt01-Beispielcode\Blatt01-Beispielcode\.scala-build\ide-options-v2.json, --json-launcher-options, c:\Users\Admin\Documents\deutsche aufgaben\uni mainz\3. Sem\EiS\Blatt1\Blatt01-Beispielcode\Blatt01-Beispielcode\.scala-build\ide-launcher-options.json, --envs-file, c:\Users\Admin\Documents\deutsche aufgaben\uni mainz\3. Sem\EiS\Blatt1\Blatt01-Beispielcode\Blatt01-Beispielcode\.scala-build\ide-envs.json, c:\Users\Admin\Documents\deutsche aufgaben\uni mainz\3. Sem\EiS\Blatt1\Blatt01-Beispielcode\Blatt01-Beispielcode\primtest.scala)
2025.04.21 15:59:19 INFO  tracing is disabled for protocol BSP, to enable tracing of incoming and outgoing JSON messages create an empty file at C:\Users\Admin\Documents\deutsche aufgaben\uni mainz\3. Sem\EiS\Blatt1\Blatt01-Beispielcode\Blatt01-Beispielcode\.metals\bsp.trace.json or C:\Users\Admin\AppData\Local\scalameta\metals\cache\bsp.trace.json
2025.04.21 15:59:22 INFO  time: Connected to build server in 3.65s
2025.04.21 15:59:22 INFO  Connected to Build server: scala v1.4.3
2025.04.21 15:59:22 INFO  compiling blatt01-beispielcode_bfd13e0a92-6930a581fe (1 scala source)
2025.04.21 15:59:22 INFO  time: compiled Blatt01-Beispielcode_bfd13e0a92-6930a581fe in 0.53s
2025.04.21 15:59:22 INFO  compiling blatt01-beispielcode_bfd13e0a92-6930a581fe (1 scala source)
2025.04.21 15:59:22 INFO  time: compiled Blatt01-Beispielcode_bfd13e0a92-6930a581fe in 0.33s
2025.04.21 15:59:25 INFO  time: indexed workspace in 2.55s
2025.04.21 15:59:40 INFO  Shutting down server
2025.04.21 15:59:40 INFO  shutting down Metals
2025.04.21 15:59:40 INFO  Shut down connection with build server.
2025.04.21 15:59:40 INFO  BSP server: Apr 21, 2025 3:59:40 PM org.eclipse.lsp4j.jsonrpc.RemoteEndpoint handleNotification
2025.04.21 15:59:40 INFO  Exiting server
