java.nio.file.NoSuchFileException: c:\Users\Admin\Documents\deutsche aufgaben\uni mainz\3. Sem\EiS\Blatt1\Blatt01-Beispielcode\Blatt01-Beispielcode\primtest.scala
  java.base@17.0.6/sun.nio.fs.WindowsFileSystemProvider.newByteChannel(WindowsFileSystemProvider.java:236)
  java.base@17.0.6/java.nio.file.Files.newByteChannel(Files.java:380)
  java.base@17.0.6/java.nio.file.Files.newByteChannel(Files.java:432)
  java.base@17.0.6/java.nio.file.spi.FileSystemProvider.newInputStream(FileSystemProvider.java:422)
  java.base@17.0.6/java.nio.file.Files.newInputStream(Files.java:160)
  os.Path.getInputStream(Path.scala:540)
  os.read$bytes$.apply(ReadWriteOps.scala:272)
  os.read$.apply(ReadWriteOps.scala:229)
  os.read$.apply(ReadWriteOps.scala:227)
  scala.build.input.Inputs.$anonfun$3(Inputs.scala:106)
  scala.collection.Iterator$$anon$10.nextCur(Iterator.scala:594)
  scala.collection.Iterator$$anon$10.hasNext(Iterator.scala:608)
  scala.collection.IterableOnceOps.foreach(IterableOnce.scala:619)
  scala.collection.IterableOnceOps.foreach$(IterableOnce.scala:617)
  scala.collection.AbstractIterator.foreach(Iterator.scala:1303)
  scala.build.input.Inputs.sourceHash(Inputs.scala:113)
  scala.build.bsp.BloopSession$.apply(BloopSession.scala:63)
  scala.build.bsp.BspImpl.bloopSession0$lzyINIT1$1(BspImpl.scala:445)
  scala.build.bsp.BspImpl.bloopSession0$1(BspImpl.scala:445)
  scala.build.bsp.BspImpl.newBloopSession(BspImpl.scala:447)
  scala.build.bsp.BspImpl.run(BspImpl.scala:470)
  scala.cli.commands.bsp.Bsp$.runCommand$$anonfun$1(Bsp.scala:183)
  scala.runtime.function.JProcedure1.apply(JProcedure1.java:15)
  scala.runtime.function.JProcedure1.apply(JProcedure1.java:10)
  scala.build.bsp.BspThreads$.withThreads(BspThreads.scala:23)
  scala.cli.commands.bsp.Bsp$.runCommand(Bsp.scala:186)
  scala.cli.commands.bsp.Bsp$.runCommand(Bsp.scala:76)
  scala.cli.commands.ScalaCommand.run(ScalaCommand.scala:388)
  scala.cli.commands.ScalaCommand.run(ScalaCommand.scala:369)
  caseapp.core.app.CaseApp.main(CaseApp.scala:157)
  scala.cli.commands.ScalaCommand.main(ScalaCommand.scala:354)
  caseapp.core.app.CommandsEntryPoint.main(CommandsEntryPoint.scala:169)
  scala.cli.ScalaCliCommands.main(ScalaCliCommands.scala:125)
  scala.cli.ScalaCli$.main0(ScalaCli.scala:295)
  scala.cli.ScalaCli$.main(ScalaCli.scala:119)
  scala.cli.ScalaCli.main(ScalaCli.scala)
